This file contains any messages produced by compilers while
running configure, to aid debugging if configure makes a mistake.

It was created by GNU C Library configure (see version.h), which was
generated by GNU Autoconf 2.69.  Invocation command line was

  $ /home/emiliano/ct-ng-configs/.build/arm-linaro-linux-gnueabihf/src/glibc/configure --prefix=/usr --build=x86_64-build_pc-linux-gnu --host=arm-linaro-linux-gnueabihf --cache-file=/home/emiliano/ct-ng-configs/.build/arm-linaro-linux-gnueabihf/build/build-libc-final/multilib/config.cache --without-cvs --disable-profile --without-gd --with-headers=/home/emiliano/x-tools/arm-linaro-linux-gnueabihf/arm-linaro-linux-gnueabihf/sysroot/usr/include --disable-debug --disable-sanity-checks --enable-obsolete-rpc --enable-kernel=2.6.9 --with-__thread --with-tls --enable-shared --enable-add-ons=libidn --disable-werror --with-pkgversion=crosstool-NG 1.23.0.476-6a21 --libdir=/lib/arm-linux-gnueabihf --libexecdir=/lib libc_cv_slibdir=/lib/arm-linux-gnueabihf

## --------- ##
## Platform. ##
## --------- ##

hostname = MOBTEK1762
uname -m = x86_64
uname -r = 4.4.0-43-Microsoft
uname -s = Linux
uname -v = #1-Microsoft Wed Dec 31 14:42:53 PST 2014

/usr/bin/uname -p = x86_64
/bin/uname -X     = unknown

/bin/arch              = x86_64
/usr/bin/arch -k       = unknown
/usr/convex/getsysinfo = unknown
/usr/bin/hostinfo      = unknown
/bin/machine           = unknown
/usr/bin/oslevel       = unknown
/bin/universe          = unknown

PATH: /home/emiliano/bin
PATH: /home/emiliano/.local/bin
PATH: /usr/lib64/ccache
PATH: /usr/local/sbin
PATH: /usr/local/bin
PATH: /usr/sbin
PATH: /usr/bin
PATH: /sbin
PATH: /bin
PATH: /usr/games
PATH: /usr/local/games
PATH: /mnt/c/Program Files (x86)/Intel/Intel(R) Management Engine Components/iCLS
PATH: /mnt/c/Program Files/Intel/Intel(R) Management Engine Components/iCLS
PATH: /mnt/c/python/Python36-32/Scripts
PATH: /mnt/c/python/Python36-32
PATH: /mnt/c/Program Files (x86)/Common Files/Oracle/Java/javapath_target_840540203
PATH: /mnt/c/Windows/System32
PATH: /mnt/c/Windows
PATH: /mnt/c/Windows/System32/wbem
PATH: /mnt/c/Windows/System32/WindowsPowerShell/v1.0
PATH: /mnt/c/Program Files/Git/cmd
PATH: /mnt/c/Program Files (x86)/SysinternalsSuite
PATH: /mnt/c/Program Files (x86)/Intel/Intel(R) Management Engine Components/DAL
PATH: /mnt/c/Program Files/Intel/Intel(R) Management Engine Components/DAL
PATH: /mnt/c/Program Files (x86)/Intel/Intel(R) Management Engine Components/IPT
PATH: /mnt/c/Program Files/Intel/Intel(R) Management Engine Components/IPT
PATH: /mnt/c/Program Files/Intel/WiFi/bin
PATH: /mnt/c/Program Files/Common Files/Intel/WirelessCommon
PATH: /mnt/c/Users/desimonie/AppData/Local/Microsoft/WindowsApps
PATH: /mnt/c/Users/desimonie/AppData/Local/Programs/Microsoft VS Code/bin
PATH: /mnt/c/Program Files/Intel/WiFi/bin
PATH: /mnt/c/Program Files/Common Files/Intel/WirelessCommon
PATH: /mnt/c/l4w/bin
PATH: /opt/x-tools/arm-linaro-linux-gnueabihf/bin
PATH: /opt/x-tools/x86_64-w64-mingw32/bin


## ----------- ##
## Core tests. ##
## ----------- ##

configure:1995: loading cache /home/emiliano/ct-ng-configs/.build/arm-linaro-linux-gnueabihf/build/build-libc-final/multilib/config.cache
configure:2022: error: `target_alias' was not set in the previous run
configure:2018: error: `CC' was set to `arm-linaro-linux-gnueabihf-gcc  -O2 -U_FORTIFY_SOURCE    ' in the previous run
configure:2059: error: in `/home/emiliano/ct-ng-configs':
configure:2061: error: changes in the environment can compromise the build
configure:2063: error: run `make distclean' and/or `rm /home/emiliano/ct-ng-configs/.build/arm-linaro-linux-gnueabihf/build/build-libc-final/multilib/config.cache' and start over

## ---------------- ##
## Cache variables. ##
## ---------------- ##

ac_cv_build=x86_64-build_pc-linux-gnu
ac_cv_c_compiler_gnu=yes
ac_cv_cxx_compiler_gnu=yes
ac_cv_env_CCC_set=
ac_cv_env_CCC_value=
ac_cv_env_CC_set=set
ac_cv_env_CC_value='arm-linaro-linux-gnueabihf-gcc  -O2 -U_FORTIFY_SOURCE    '
ac_cv_env_CFLAGS_set=
ac_cv_env_CFLAGS_value=
ac_cv_env_CPPFLAGS_set=
ac_cv_env_CPPFLAGS_value=
ac_cv_env_CPP_set=
ac_cv_env_CPP_value=
ac_cv_env_CXXFLAGS_set=
ac_cv_env_CXXFLAGS_value=
ac_cv_env_CXX_set=
ac_cv_env_CXX_value=
ac_cv_env_LDFLAGS_set=
ac_cv_env_LDFLAGS_value=
ac_cv_env_LIBS_set=
ac_cv_env_LIBS_value=
ac_cv_env_build_alias_set=set
ac_cv_env_build_alias_value=x86_64-build_pc-linux-gnu
ac_cv_env_host_alias_set=set
ac_cv_env_host_alias_value=arm-linaro-linux-gnueabihf
ac_cv_env_target_alias_set=
ac_cv_env_target_alias_value=
ac_cv_host=arm-linaro-linux-gnueabihf
ac_cv_lib_selinux_is_selinux_enabled=no
ac_cv_objext=o
ac_cv_path_BASH_SHELL=/bin/bash
ac_cv_path_EGREP='/home/emiliano/ct-ng-configs/.build/tools/bin/grep -E'
ac_cv_path_GREP=/home/emiliano/ct-ng-configs/.build/tools/bin/grep
ac_cv_path_INSTALL_INFO=/usr/sbin/install-info
ac_cv_path_PERL=/usr/bin/perl
ac_cv_path_install='/home/emiliano/ct-ng-configs/.build/tools/bin/install -c'
ac_cv_prog_AS=/home/emiliano/ct-ng-configs/.build/arm-linaro-linux-gnueabihf/buildtools/lib/gcc/arm-linaro-linux-gnueabihf/8.2.1/../../../../arm-linaro-linux-gnueabihf/bin/as
ac_cv_prog_AWK=gawk
ac_cv_prog_BISON=bison
ac_cv_prog_BUILD_CC=x86_64-build_pc-linux-gnu-gcc
ac_cv_prog_CC='arm-linaro-linux-gnueabihf-gcc  -O2 -U_FORTIFY_SOURCE    '
ac_cv_prog_CXX=arm-linaro-linux-gnueabihf-g++
ac_cv_prog_LD=/home/emiliano/ct-ng-configs/.build/arm-linaro-linux-gnueabihf/buildtools/lib/gcc/arm-linaro-linux-gnueabihf/8.2.1/../../../../arm-linaro-linux-gnueabihf/bin/ld
ac_cv_prog_MAKE=gmake
ac_cv_prog_MAKEINFO=makeinfo
ac_cv_prog_MSGFMT=msgfmt
ac_cv_prog_NM=arm-linaro-linux-gnueabihf-nm
ac_cv_prog_READELF=arm-linaro-linux-gnueabihf-readelf
ac_cv_prog_SED=sed
ac_cv_prog_ac_ct_CXX=arm-linaro-linux-gnueabihf-g++
ac_cv_prog_cc_g=yes
ac_cv_prog_cxx_g=yes
libc_cv_arm_pcrel_movw=yes
libc_cv_arm_pcs_vfp=yes
libc_cv_arm_tpoff_addend=yes
libc_cv_as_noexecstack=yes
libc_cv_asm_set_directive=yes
libc_cv_broken_alias_attribute=no
libc_cv_builtin_trap=yes
libc_cv_c_cleanup=yes
libc_cv_cc_loop_to_function=yes
libc_cv_cc_nofma=-ffp-contract=off
libc_cv_cc_with_libunwind=no
libc_cv_compiler_ok=yes
libc_cv_ctors_header=no
libc_cv_cxx_link_ok=yes
libc_cv_cxx_thread_local=yes
libc_cv_ehdr_start=yes
libc_cv_fno_toplevel_reorder=yes
libc_cv_forced_unwind=yes
libc_cv_fpie=yes
libc_cv_gcc_builtin_memset=no
libc_cv_gcc_builtin_redirection=yes
libc_cv_gcc_unwind_find_fde=no
libc_cv_has_glob_dat=yes
libc_cv_hashstyle=yes
libc_cv_have_sdata_section=no
libc_cv_have_section_quotes=no
libc_cv_idn=no
libc_cv_ld_gnu_indirect_function=yes
libc_cv_linux320='3.2.0 or later'
libc_cv_localstatedir=/var
libc_cv_mtls_dialect_gnu2=yes
libc_cv_nss_crypt=no
libc_cv_output_format=elf32-littlearm
libc_cv_pic_default=no
libc_cv_pie_default=no
libc_cv_predef_fortify_source=no
libc_cv_predef_stack_protector=no
libc_cv_prog_as_gnu=yes
libc_cv_prog_ld_gnu=yes
libc_cv_protected_data=yes
libc_cv_rootsbindir=/sbin
libc_cv_slibdir=/lib/arm-linux-gnueabihf
libc_cv_ssp=yes
libc_cv_ssp_strong=yes
libc_cv_sysconfdir=/etc
libc_cv_use_default_link=no
libc_cv_z_combreloc=yes
libc_cv_z_execstack=yes

## ----------------- ##
## Output variables. ##
## ----------------- ##

AR=''
AS=''
ASFLAGS_config=''
AUTOCONF=''
AWK=''
BASH_SHELL=''
BISON=''
BUILD_CC=''
CC=''
CFLAGS=''
CPP=''
CPPFLAGS=''
CPPUNDEFS=''
CXX=''
CXXFLAGS=''
CXX_SYSINCLUDES=''
DEFINES=''
DEFS=''
ECHO_C=''
ECHO_N='-n'
ECHO_T=''
INSTALL_DATA=''
INSTALL_INFO=''
INSTALL_PROGRAM=''
INSTALL_SCRIPT=''
LD=''
LDFLAGS=''
LIBGD=''
LIBOBJS=''
LIBS=''
LN_S=''
LTLIBOBJS=''
MAKE=''
MAKEINFO=''
MSGFMT=''
NM=''
OBJCOPY=''
OBJDUMP=''
OBJEXT=''
PACKAGE_BUGREPORT='http://sourceware.org/bugzilla/'
PACKAGE_NAME='GNU C Library'
PACKAGE_STRING='GNU C Library (see version.h)'
PACKAGE_TARNAME='glibc'
PACKAGE_URL='http://www.gnu.org/software/glibc/'
PACKAGE_VERSION='(see version.h)'
PATH_SEPARATOR=':'
PERL=''
PKGVERSION=''
PKGVERSION_TEXI=''
READELF=''
RELEASE=''
REPORT_BUGS_TEXI=''
REPORT_BUGS_TO=''
SED=''
SHELL='/bin/sh'
SYSINCLUDES=''
VERSION=''
ac_ct_CC=''
ac_ct_CXX=''
add_on_subdirs=''
add_ons=''
all_warnings=''
base_machine=''
bindir='${exec_prefix}/bin'
bindnow=''
build='x86_64-build_pc-linux-gnu'
build_alias='x86_64-build_pc-linux-gnu'
build_cpu=''
build_nscd=''
build_os=''
build_pt_chown=''
build_vendor=''
cross_compiling='yes'
datadir='${datarootdir}'
datarootdir='${prefix}/share'
docdir='${datarootdir}/doc/${PACKAGE_TARNAME}'
dvidir='${docdir}'
enable_lock_elision=''
enable_timezone_tools=''
enable_werror='no'
exec_prefix='NONE'
fno_unit_at_a_time=''
force_install=''
hardcoded_path_in_tests=''
have_libaudit=''
have_libcap=''
have_selinux=''
host='arm-linaro-linux-gnueabihf'
host_alias='arm-linaro-linux-gnueabihf'
host_cpu=''
host_os=''
host_vendor=''
htmldir='${docdir}'
includedir='${prefix}/include'
infodir='${datarootdir}/info'
ldd_rewrite_script=''
libc_cv_cc_loop_to_function='yes'
libc_cv_cc_nofma='-ffp-contract=off'
libc_cv_cc_submachine=''
libc_cv_cc_with_libunwind='no'
libc_cv_complocaledir=''
libc_cv_cxx_thread_local='yes'
libc_cv_fpie='yes'
libc_cv_gcc_unwind_find_fde='no'
libc_cv_has_glob_dat='yes'
libc_cv_hashstyle='yes'
libc_cv_localstatedir='/var'
libc_cv_mtls_dialect_gnu2='yes'
libc_cv_nss_crypt='no'
libc_cv_output_format='elf32-littlearm'
libc_cv_pic_default='no'
libc_cv_pie_default='no'
libc_cv_protected_data='yes'
libc_cv_rootsbindir='/sbin'
libc_cv_rtlddir=''
libc_cv_slibdir='/lib/arm-linux-gnueabihf'
libc_cv_sysconfdir='/etc'
libc_cv_z_combreloc='yes'
libc_cv_z_execstack='yes'
libc_extra_cflags=''
libc_extra_cppflags=''
libdir='/lib/arm-linux-gnueabihf'
libexecdir='/lib'
link_obsolete_rpc=''
localedir='${datarootdir}/locale'
localstatedir='${prefix}/var'
mach_interface_list=''
mandir='${datarootdir}/man'
multi_arch=''
oldincludedir='/usr/include'
pdfdir='${docdir}'
prefix='/usr'
profile=''
program_transform_name='s,x,x,'
psdir='${docdir}'
sbindir='${exec_prefix}/sbin'
shared=''
sharedstatedir='${prefix}/com'
stack_protector=''
static=''
static_nss=''
subdirs=''
submachine=''
sysconfdir='${prefix}/etc'
sysdeps_add_ons=''
sysheaders=''
sysnames=''
target_alias='1.23.0.476-6a21'
use_default_link=''
use_ldconfig=''
use_nscd=''
with_fp=''

## ----------- ##
## confdefs.h. ##
## ----------- ##

/* confdefs.h */
#define PACKAGE_NAME "GNU C Library"
#define PACKAGE_TARNAME "glibc"
#define PACKAGE_VERSION "(see version.h)"
#define PACKAGE_STRING "GNU C Library (see version.h)"
#define PACKAGE_BUGREPORT "http://sourceware.org/bugzilla/"
#define PACKAGE_URL "http://www.gnu.org/software/glibc/"

configure: exit 1
